2019-12-31 11:52:28.558  INFO 17588 --- [main] c.r.l.LoggerServerApplication            : The following profiles are active: pro
2019-12-31 11:52:28.570  INFO 17588 --- [main] ationConfigEmbeddedWebApplicationContext : Refreshing org.springframework.boot.context.embedded.AnnotationConfigEmbeddedWebApplicationContext@66b7550d: startup date [Tue Dec 31 11:52:28 CST 2019]; parent: org.springframework.context.annotation.AnnotationConfigApplicationContext@6ff29830
2019-12-31 11:52:29.245  INFO 17588 --- [main] o.s.cloud.context.scope.GenericScope     : BeanFactory id=d472ca79-3390-3b44-b1cb-c53be7d3a430
2019-12-31 11:52:29.257  INFO 17588 --- [main] f.a.AutowiredAnnotationBeanPostProcessor : JSR-330 'javax.inject.Inject' annotation found and supported for autowiring
2019-12-31 11:52:29.293  INFO 17588 --- [main] trationDelegate$BeanPostProcessorChecker : Bean 'org.springframework.amqp.rabbit.annotation.RabbitBootstrapConfiguration' of type [org.springframework.amqp.rabbit.annotation.RabbitBootstrapConfiguration$$EnhancerBySpringCGLIB$$d5a8144a] is not eligible for getting processed by all BeanPostProcessors (for example: not eligible for auto-proxying)
2019-12-31 11:52:29.333  INFO 17588 --- [main] trationDelegate$BeanPostProcessorChecker : Bean 'org.springframework.cloud.netflix.metrics.MetricsInterceptorConfiguration$MetricsRestTemplateConfiguration' of type [org.springframework.cloud.netflix.metrics.MetricsInterceptorConfiguration$MetricsRestTemplateConfiguration$$EnhancerBySpringCGLIB$$4168fc5d] is not eligible for getting processed by all BeanPostProcessors (for example: not eligible for auto-proxying)
2019-12-31 11:52:29.342  INFO 17588 --- [main] trationDelegate$BeanPostProcessorChecker : Bean 'org.springframework.transaction.annotation.ProxyTransactionManagementConfiguration' of type [org.springframework.transaction.annotation.ProxyTransactionManagementConfiguration$$EnhancerBySpringCGLIB$$f3c561c] is not eligible for getting processed by all BeanPostProcessors (for example: not eligible for auto-proxying)
2019-12-31 11:52:29.373  INFO 17588 --- [main] trationDelegate$BeanPostProcessorChecker : Bean 'org.springframework.cloud.autoconfigure.ConfigurationPropertiesRebinderAutoConfiguration' of type [org.springframework.cloud.autoconfigure.ConfigurationPropertiesRebinderAutoConfiguration$$EnhancerBySpringCGLIB$$2b565919] is not eligible for getting processed by all BeanPostProcessors (for example: not eligible for auto-proxying)
2019-12-31 11:52:29.627  INFO 17588 --- [main] s.b.c.e.t.TomcatEmbeddedServletContainer : Tomcat initialized with port(s): 8767 (http)
2019-12-31 11:52:29.635  INFO 17588 --- [main] o.apache.catalina.core.StandardService   : Starting service [Tomcat]
2019-12-31 11:52:29.636  INFO 17588 --- [main] org.apache.catalina.core.StandardEngine  : Starting Servlet Engine: Apache Tomcat/8.5.27
2019-12-31 11:52:29.765  INFO 17588 --- [localhost-startStop-1] o.a.c.c.C.[Tomcat].[localhost].[/]       : Initializing Spring embedded WebApplicationContext
2019-12-31 11:52:29.766  INFO 17588 --- [localhost-startStop-1] o.s.web.context.ContextLoader            : Root WebApplicationContext: initialization completed in 1195 ms
2019-12-31 11:52:30.047  INFO 17588 --- [localhost-startStop-1] o.s.b.w.servlet.ServletRegistrationBean  : Mapping servlet: 'dispatcherServlet' to [/]
2019-12-31 11:52:30.052  INFO 17588 --- [localhost-startStop-1] o.s.b.w.servlet.FilterRegistrationBean   : Mapping filter: 'metricsFilter' to: [/*]
2019-12-31 11:52:30.052  INFO 17588 --- [localhost-startStop-1] o.s.b.w.servlet.FilterRegistrationBean   : Mapping filter: 'characterEncodingFilter' to: [/*]
2019-12-31 11:52:30.052  INFO 17588 --- [localhost-startStop-1] o.s.b.w.servlet.FilterRegistrationBean   : Mapping filter: 'hiddenHttpMethodFilter' to: [/*]
2019-12-31 11:52:30.052  INFO 17588 --- [localhost-startStop-1] o.s.b.w.servlet.FilterRegistrationBean   : Mapping filter: 'httpPutFormContentFilter' to: [/*]
2019-12-31 11:52:30.052  INFO 17588 --- [localhost-startStop-1] o.s.b.w.servlet.FilterRegistrationBean   : Mapping filter: 'requestContextFilter' to: [/*]
2019-12-31 11:52:30.052  INFO 17588 --- [localhost-startStop-1] o.s.b.w.servlet.FilterRegistrationBean   : Mapping filter: 'webRequestLoggingFilter' to: [/*]
2019-12-31 11:52:30.053  INFO 17588 --- [localhost-startStop-1] o.s.b.w.servlet.FilterRegistrationBean   : Mapping filter: 'applicationContextIdFilter' to: [/*]
2019-12-31 11:52:31.471  INFO 17588 --- [main] o.a.c.c.C.[Tomcat].[localhost].[/]       : jolokia: No access restrictor found, access to any MBean is allowed
2019-12-31 11:52:31.671  INFO 17588 --- [main] s.w.s.m.m.a.RequestMappingHandlerAdapter : Looking for @ControllerAdvice: org.springframework.boot.context.embedded.AnnotationConfigEmbeddedWebApplicationContext@66b7550d: startup date [Tue Dec 31 11:52:28 CST 2019]; parent: org.springframework.context.annotation.AnnotationConfigApplicationContext@6ff29830
2019-12-31 11:52:31.756  INFO 17588 --- [main] s.w.s.m.m.a.RequestMappingHandlerMapping : Mapped "{[/error]}" onto public org.springframework.http.ResponseEntity<java.util.Map<java.lang.String, java.lang.Object>> org.springframework.boot.autoconfigure.web.BasicErrorController.error(javax.servlet.http.HttpServletRequest)
2019-12-31 11:52:31.757  INFO 17588 --- [main] s.w.s.m.m.a.RequestMappingHandlerMapping : Mapped "{[/error],produces=[text/html]}" onto public org.springframework.web.servlet.ModelAndView org.springframework.boot.autoconfigure.web.BasicErrorController.errorHtml(javax.servlet.http.HttpServletRequest,javax.servlet.http.HttpServletResponse)
2019-12-31 11:52:31.793  INFO 17588 --- [main] o.s.w.s.handler.SimpleUrlHandlerMapping  : Mapped URL path [/webjars/**] onto handler of type [class org.springframework.web.servlet.resource.ResourceHttpRequestHandler]
2019-12-31 11:52:31.794  INFO 17588 --- [main] o.s.w.s.handler.SimpleUrlHandlerMapping  : Mapped URL path [/**] onto handler of type [class org.springframework.web.servlet.resource.ResourceHttpRequestHandler]
2019-12-31 11:52:31.836  INFO 17588 --- [main] o.s.w.s.handler.SimpleUrlHandlerMapping  : Mapped URL path [/**/favicon.ico] onto handler of type [class org.springframework.web.servlet.resource.ResourceHttpRequestHandler]
2019-12-31 11:52:32.456  INFO 17588 --- [main] o.s.b.a.e.mvc.EndpointHandlerMapping     : Mapped "{[/pause || /pause.json],methods=[POST]}" onto public java.lang.Object org.springframework.cloud.endpoint.GenericPostableMvcEndpoint.invoke()
2019-12-31 11:52:32.457  INFO 17588 --- [main] o.s.b.a.e.mvc.EndpointHandlerMapping     : Mapped "{[/configprops || /configprops.json],methods=[GET],produces=[application/vnd.spring-boot.actuator.v1+json || application/json]}" onto public java.lang.Object org.springframework.boot.actuate.endpoint.mvc.EndpointMvcAdapter.invoke()
2019-12-31 11:52:32.457  INFO 17588 --- [main] o.s.b.a.e.mvc.EndpointHandlerMapping     : Mapped "{[/health || /health.json],methods=[GET],produces=[application/vnd.spring-boot.actuator.v1+json || application/json]}" onto public java.lang.Object org.springframework.boot.actuate.endpoint.mvc.HealthMvcEndpoint.invoke(javax.servlet.http.HttpServletRequest,java.security.Principal)
2019-12-31 11:52:32.458  INFO 17588 --- [main] o.s.b.a.e.mvc.EndpointHandlerMapping     : Mapped "{[/logfile || /logfile.json],methods=[GET || HEAD]}" onto public void org.springframework.boot.actuate.endpoint.mvc.LogFileMvcEndpoint.invoke(javax.servlet.http.HttpServletRequest,javax.servlet.http.HttpServletResponse) throws javax.servlet.ServletException,java.io.IOException
2019-12-31 11:52:32.458  INFO 17588 --- [main] o.s.b.a.e.mvc.EndpointHandlerMapping     : Mapped "{[/dump || /dump.json],methods=[GET],produces=[application/vnd.spring-boot.actuator.v1+json || application/json]}" onto public java.lang.Object org.springframework.boot.actuate.endpoint.mvc.EndpointMvcAdapter.invoke()
2019-12-31 11:52:32.459  INFO 17588 --- [main] o.s.b.a.e.mvc.EndpointHandlerMapping     : Mapped "{[/metrics/{name:.*}],methods=[GET],produces=[application/vnd.spring-boot.actuator.v1+json || application/json]}" onto public java.lang.Object org.springframework.boot.actuate.endpoint.mvc.MetricsMvcEndpoint.value(java.lang.String)
2019-12-31 11:52:32.460  INFO 17588 --- [main] o.s.b.a.e.mvc.EndpointHandlerMapping     : Mapped "{[/metrics || /metrics.json],methods=[GET],produces=[application/vnd.spring-boot.actuator.v1+json || application/json]}" onto public java.lang.Object org.springframework.boot.actuate.endpoint.mvc.EndpointMvcAdapter.invoke()
2019-12-31 11:52:32.460  INFO 17588 --- [main] o.s.b.a.e.mvc.EndpointHandlerMapping     : Mapped "{[/env],methods=[POST]}" onto public java.lang.Object org.springframework.cloud.context.environment.EnvironmentManagerMvcEndpoint.value(java.util.Map<java.lang.String, java.lang.String>)
2019-12-31 11:52:32.460  INFO 17588 --- [main] o.s.b.a.e.mvc.EndpointHandlerMapping     : Mapped "{[/env/reset],methods=[POST]}" onto public java.util.Map<java.lang.String, java.lang.Object> org.springframework.cloud.context.environment.EnvironmentManagerMvcEndpoint.reset()
2019-12-31 11:52:32.461  INFO 17588 --- [main] o.s.b.a.e.mvc.EndpointHandlerMapping     : Mapped "{[/jolokia/**]}" onto public org.springframework.web.servlet.ModelAndView org.springframework.boot.actuate.endpoint.mvc.JolokiaMvcEndpoint.handle(javax.servlet.http.HttpServletRequest,javax.servlet.http.HttpServletResponse) throws java.lang.Exception
2019-12-31 11:52:32.462  INFO 17588 --- [main] o.s.b.a.e.mvc.EndpointHandlerMapping     : Mapped "{[/info || /info.json],methods=[GET],produces=[application/vnd.spring-boot.actuator.v1+json || application/json]}" onto public java.lang.Object org.springframework.boot.actuate.endpoint.mvc.EndpointMvcAdapter.invoke()
2019-12-31 11:52:32.462  INFO 17588 --- [main] o.s.b.a.e.mvc.EndpointHandlerMapping     : Mapped "{[/autoconfig || /autoconfig.json],methods=[GET],produces=[application/vnd.spring-boot.actuator.v1+json || application/json]}" onto public java.lang.Object org.springframework.boot.actuate.endpoint.mvc.EndpointMvcAdapter.invoke()
2019-12-31 11:52:32.463  INFO 17588 --- [main] o.s.b.a.e.mvc.EndpointHandlerMapping     : Mapped "{[/heapdump || /heapdump.json],methods=[GET],produces=[application/octet-stream]}" onto public void org.springframework.boot.actuate.endpoint.mvc.HeapdumpMvcEndpoint.invoke(boolean,javax.servlet.http.HttpServletRequest,javax.servlet.http.HttpServletResponse) throws java.io.IOException,javax.servlet.ServletException
2019-12-31 11:52:32.463  INFO 17588 --- [main] o.s.b.a.e.mvc.EndpointHandlerMapping     : Mapped "{[/refresh || /refresh.json],methods=[POST]}" onto public java.lang.Object org.springframework.cloud.endpoint.GenericPostableMvcEndpoint.invoke()
2019-12-31 11:52:32.464  INFO 17588 --- [main] o.s.b.a.e.mvc.EndpointHandlerMapping     : Mapped "{[/features || /features.json],methods=[GET],produces=[application/vnd.spring-boot.actuator.v1+json || application/json]}" onto public java.lang.Object org.springframework.boot.actuate.endpoint.mvc.EndpointMvcAdapter.invoke()
2019-12-31 11:52:32.465  INFO 17588 --- [main] o.s.b.a.e.mvc.EndpointHandlerMapping     : Mapped "{[/env/{name:.*}],methods=[GET],produces=[application/vnd.spring-boot.actuator.v1+json || application/json]}" onto public java.lang.Object org.springframework.boot.actuate.endpoint.mvc.EnvironmentMvcEndpoint.value(java.lang.String)
2019-12-31 11:52:32.465  INFO 17588 --- [main] o.s.b.a.e.mvc.EndpointHandlerMapping     : Mapped "{[/env || /env.json],methods=[GET],produces=[application/vnd.spring-boot.actuator.v1+json || application/json]}" onto public java.lang.Object org.springframework.boot.actuate.endpoint.mvc.EndpointMvcAdapter.invoke()
2019-12-31 11:52:32.466  INFO 17588 --- [main] o.s.b.a.e.mvc.EndpointHandlerMapping     : Mapped "{[/resume || /resume.json],methods=[POST]}" onto public java.lang.Object org.springframework.cloud.endpoint.GenericPostableMvcEndpoint.invoke()
2019-12-31 11:52:32.467  INFO 17588 --- [main] o.s.b.a.e.mvc.EndpointHandlerMapping     : Mapped "{[/service-registry/instance-status],methods=[GET]}" onto public org.springframework.http.ResponseEntity org.springframework.cloud.client.serviceregistry.endpoint.ServiceRegistryEndpoint.getStatus()
2019-12-31 11:52:32.467  INFO 17588 --- [main] o.s.b.a.e.mvc.EndpointHandlerMapping     : Mapped "{[/service-registry/instance-status],methods=[POST]}" onto public org.springframework.http.ResponseEntity<?> org.springframework.cloud.client.serviceregistry.endpoint.ServiceRegistryEndpoint.setStatus(java.lang.String)
2019-12-31 11:52:32.468  INFO 17588 --- [main] o.s.b.a.e.mvc.EndpointHandlerMapping     : Mapped "{[/loggers/{name:.*}],methods=[GET],produces=[application/vnd.spring-boot.actuator.v1+json || application/json]}" onto public java.lang.Object org.springframework.boot.actuate.endpoint.mvc.LoggersMvcEndpoint.get(java.lang.String)
2019-12-31 11:52:32.469  INFO 17588 --- [main] o.s.b.a.e.mvc.EndpointHandlerMapping     : Mapped "{[/loggers/{name:.*}],methods=[POST],consumes=[application/vnd.spring-boot.actuator.v1+json || application/json],produces=[application/vnd.spring-boot.actuator.v1+json || application/json]}" onto public java.lang.Object org.springframework.boot.actuate.endpoint.mvc.LoggersMvcEndpoint.set(java.lang.String,java.util.Map<java.lang.String, java.lang.String>)
2019-12-31 11:52:32.469  INFO 17588 --- [main] o.s.b.a.e.mvc.EndpointHandlerMapping     : Mapped "{[/loggers || /loggers.json],methods=[GET],produces=[application/vnd.spring-boot.actuator.v1+json || application/json]}" onto public java.lang.Object org.springframework.boot.actuate.endpoint.mvc.EndpointMvcAdapter.invoke()
2019-12-31 11:52:32.469  INFO 17588 --- [main] o.s.b.a.e.mvc.EndpointHandlerMapping     : Mapped "{[/restart || /restart.json],methods=[POST]}" onto public java.lang.Object org.springframework.cloud.context.restart.RestartMvcEndpoint.invoke()
2019-12-31 11:52:32.470  INFO 17588 --- [main] o.s.b.a.e.mvc.EndpointHandlerMapping     : Mapped "{[/mappings || /mappings.json],methods=[GET],produces=[application/vnd.spring-boot.actuator.v1+json || application/json]}" onto public java.lang.Object org.springframework.boot.actuate.endpoint.mvc.EndpointMvcAdapter.invoke()
2019-12-31 11:52:32.471  INFO 17588 --- [main] o.s.b.a.e.mvc.EndpointHandlerMapping     : Mapped "{[/auditevents || /auditevents.json],methods=[GET],produces=[application/vnd.spring-boot.actuator.v1+json || application/json]}" onto public org.springframework.http.ResponseEntity<?> org.springframework.boot.actuate.endpoint.mvc.AuditEventsMvcEndpoint.findByPrincipalAndAfterAndType(java.lang.String,java.util.Date,java.lang.String)
2019-12-31 11:52:32.471  INFO 17588 --- [main] o.s.b.a.e.mvc.EndpointHandlerMapping     : Mapped "{[/trace || /trace.json],methods=[GET],produces=[application/vnd.spring-boot.actuator.v1+json || application/json]}" onto public java.lang.Object org.springframework.boot.actuate.endpoint.mvc.EndpointMvcAdapter.invoke()
2019-12-31 11:52:32.471  INFO 17588 --- [main] o.s.b.a.e.mvc.EndpointHandlerMapping     : Mapped "{[/archaius || /archaius.json],methods=[GET],produces=[application/vnd.spring-boot.actuator.v1+json || application/json]}" onto public java.lang.Object org.springframework.boot.actuate.endpoint.mvc.EndpointMvcAdapter.invoke()
2019-12-31 11:52:32.472  INFO 17588 --- [main] o.s.b.a.e.mvc.EndpointHandlerMapping     : Mapped "{[/beans || /beans.json],methods=[GET],produces=[application/vnd.spring-boot.actuator.v1+json || application/json]}" onto public java.lang.Object org.springframework.boot.actuate.endpoint.mvc.EndpointMvcAdapter.invoke()
2019-12-31 11:52:32.702  WARN 17588 --- [main] c.n.c.sources.URLConfigurationSource     : No URLs will be polled as dynamic configuration sources.
2019-12-31 11:52:32.702  INFO 17588 --- [main] c.n.c.sources.URLConfigurationSource     : To enable URLs as dynamic configuration sources, define System property archaius.configurationSource.additionalUrls or make config.properties available on classpath.
2019-12-31 11:52:32.706  WARN 17588 --- [main] c.n.c.sources.URLConfigurationSource     : No URLs will be polled as dynamic configuration sources.
2019-12-31 11:52:32.706  INFO 17588 --- [main] c.n.c.sources.URLConfigurationSource     : To enable URLs as dynamic configuration sources, define System property archaius.configurationSource.additionalUrls or make config.properties available on classpath.
2019-12-31 11:52:32.781  INFO 17588 --- [main] o.s.j.e.a.AnnotationMBeanExporter        : Registering beans for JMX exposure on startup
2019-12-31 11:52:32.783  INFO 17588 --- [main] o.s.j.e.a.AnnotationMBeanExporter        : Bean with name 'dataSource' has been autodetected for JMX exposure
2019-12-31 11:52:32.789  INFO 17588 --- [main] o.s.j.e.a.AnnotationMBeanExporter        : Bean with name 'environmentManager' has been autodetected for JMX exposure
2019-12-31 11:52:32.790  INFO 17588 --- [main] o.s.j.e.a.AnnotationMBeanExporter        : Bean with name 'rabbitConnectionFactory' has been autodetected for JMX exposure
2019-12-31 11:52:32.792  INFO 17588 --- [main] o.s.j.e.a.AnnotationMBeanExporter        : Bean with name 'configurationPropertiesRebinder' has been autodetected for JMX exposure
2019-12-31 11:52:32.792  INFO 17588 --- [main] o.s.j.e.a.AnnotationMBeanExporter        : Bean with name 'refreshEndpoint' has been autodetected for JMX exposure
2019-12-31 11:52:32.793  INFO 17588 --- [main] o.s.j.e.a.AnnotationMBeanExporter        : Bean with name 'restartEndpoint' has been autodetected for JMX exposure
2019-12-31 11:52:32.793  INFO 17588 --- [main] o.s.j.e.a.AnnotationMBeanExporter        : Bean with name 'serviceRegistryEndpoint' has been autodetected for JMX exposure
2019-12-31 11:52:32.794  INFO 17588 --- [main] o.s.j.e.a.AnnotationMBeanExporter        : Bean with name 'refreshScope' has been autodetected for JMX exposure
2019-12-31 11:52:32.796  INFO 17588 --- [main] o.s.j.e.a.AnnotationMBeanExporter        : Located managed bean 'environmentManager': registering with JMX server as MBean [org.springframework.cloud.context.environment:name=environmentManager,type=EnvironmentManager]
2019-12-31 11:52:32.808  INFO 17588 --- [main] o.s.j.e.a.AnnotationMBeanExporter        : Located managed bean 'restartEndpoint': registering with JMX server as MBean [org.springframework.cloud.context.restart:name=restartEndpoint,type=RestartEndpoint]
2019-12-31 11:52:32.816  INFO 17588 --- [main] o.s.j.e.a.AnnotationMBeanExporter        : Located managed bean 'serviceRegistryEndpoint': registering with JMX server as MBean [org.springframework.cloud.client.serviceregistry.endpoint:name=serviceRegistryEndpoint,type=ServiceRegistryEndpoint]
2019-12-31 11:52:32.822  INFO 17588 --- [main] o.s.j.e.a.AnnotationMBeanExporter        : Located managed bean 'refreshScope': registering with JMX server as MBean [org.springframework.cloud.context.scope.refresh:name=refreshScope,type=RefreshScope]
2019-12-31 11:52:32.831  INFO 17588 --- [main] o.s.j.e.a.AnnotationMBeanExporter        : Located managed bean 'configurationPropertiesRebinder': registering with JMX server as MBean [org.springframework.cloud.context.properties:name=configurationPropertiesRebinder,context=66b7550d,type=ConfigurationPropertiesRebinder]
2019-12-31 11:52:32.834  INFO 17588 --- [main] o.s.j.e.a.AnnotationMBeanExporter        : Located MBean 'dataSource': registering with JMX server as MBean [com.alibaba.druid.pool:name=dataSource,type=DruidDataSource]
2019-12-31 11:52:32.836  INFO 17588 --- [main] o.s.j.e.a.AnnotationMBeanExporter        : Located managed bean 'rabbitConnectionFactory': registering with JMX server as MBean [org.springframework.amqp.rabbit.connection:name=rabbitConnectionFactory,type=CachingConnectionFactory]
2019-12-31 11:52:32.840  INFO 17588 --- [main] o.s.j.e.a.AnnotationMBeanExporter        : Located managed bean 'refreshEndpoint': registering with JMX server as MBean [org.springframework.cloud.endpoint:name=refreshEndpoint,type=RefreshEndpoint]
2019-12-31 11:52:33.277  INFO 17588 --- [main] o.a.c.c.C.[Tomcat].[localhost].[/]       : jolokia: No access restrictor found, access to any MBean is allowed
2019-12-31 11:52:33.281  INFO 17588 --- [main] o.a.c.c.C.[Tomcat].[localhost].[/]       : jolokia: jolokia:type=Config is already registered. Adding it with jolokia:type=Config,uuid=1f45366e-d6da-4702-8768-9f5055608a7a, but you should revise your setup in order to either use a qualifier or ensure, that only a single agent gets registered (otherwise history functionality might not work)
2019-12-31 11:52:33.281  INFO 17588 --- [main] o.a.c.c.C.[Tomcat].[localhost].[/]       : jolokia: Cannot register (legacy) MBean handler for config store with name jmx4perl:type=Config since it already exists. This is the case if another agent has been already started within the same JVM. The registration is skipped.
2019-12-31 11:52:33.282  INFO 17588 --- [main] o.a.c.c.C.[Tomcat].[localhost].[/]       : jolokia: Jolokia Discovery MBean registration is skipped because there is already one registered.
2019-12-31 11:52:33.348  INFO 17588 --- [main] o.s.c.support.DefaultLifecycleProcessor  : Starting beans in phase 0
2019-12-31 11:52:33.354  INFO 17588 --- [main] o.s.c.n.eureka.InstanceInfoFactory       : Setting initial instance status as: STARTING
2019-12-31 11:52:33.381  INFO 17588 --- [main] com.netflix.discovery.DiscoveryClient    : Initializing Eureka in region us-east-1
2019-12-31 11:52:33.800  INFO 17588 --- [main] c.n.d.provider.DiscoveryJerseyProvider   : Using JSON encoding codec LegacyJacksonJson
2019-12-31 11:52:33.800  INFO 17588 --- [main] c.n.d.provider.DiscoveryJerseyProvider   : Using JSON decoding codec LegacyJacksonJson
2019-12-31 11:52:33.872  INFO 17588 --- [main] c.n.d.provider.DiscoveryJerseyProvider   : Using XML encoding codec XStreamXml
2019-12-31 11:52:33.873  INFO 17588 --- [main] c.n.d.provider.DiscoveryJerseyProvider   : Using XML decoding codec XStreamXml
2019-12-31 11:52:34.037  INFO 17588 --- [main] c.n.d.s.r.aws.ConfigClusterResolver      : Resolving eureka endpoints via configuration
2019-12-31 11:52:34.282  INFO 17588 --- [main] com.netflix.discovery.DiscoveryClient    : Disable delta property : false
2019-12-31 11:52:34.282  INFO 17588 --- [main] com.netflix.discovery.DiscoveryClient    : Single vip registry refresh property : null
2019-12-31 11:52:34.282  INFO 17588 --- [main] com.netflix.discovery.DiscoveryClient    : Force full registry fetch : false
2019-12-31 11:52:34.282  INFO 17588 --- [main] com.netflix.discovery.DiscoveryClient    : Application is null : false
2019-12-31 11:52:34.282  INFO 17588 --- [main] com.netflix.discovery.DiscoveryClient    : Registered Applications size is zero : true
2019-12-31 11:52:34.282  INFO 17588 --- [main] com.netflix.discovery.DiscoveryClient    : Application version is -1: true
2019-12-31 11:52:34.282  INFO 17588 --- [main] com.netflix.discovery.DiscoveryClient    : Getting all instance registry info from the eureka server
2019-12-31 11:52:34.374  INFO 17588 --- [main] com.netflix.discovery.DiscoveryClient    : The response status is 200
2019-12-31 11:52:34.376  INFO 17588 --- [main] com.netflix.discovery.DiscoveryClient    : Starting heartbeat executor: renew interval is: 30
2019-12-31 11:52:34.378  INFO 17588 --- [main] c.n.discovery.InstanceInfoReplicator     : InstanceInfoReplicator onDemand update allowed rate per min is 4
2019-12-31 11:52:34.381  INFO 17588 --- [main] com.netflix.discovery.DiscoveryClient    : Discovery Client initialized at timestamp 1577764354380 with initial instances count: 4
2019-12-31 11:52:34.399  INFO 17588 --- [main] o.s.c.n.e.s.EurekaServiceRegistry        : Registering application logger-server with eureka with status UP
2019-12-31 11:52:34.400  INFO 17588 --- [main] com.netflix.discovery.DiscoveryClient    : Saw local status change event StatusChangeEvent [timestamp=1577764354400, current=UP, previous=STARTING]
2019-12-31 11:52:34.401  INFO 17588 --- [DiscoveryClient-InstanceInfoReplicator-0] com.netflix.discovery.DiscoveryClient    : DiscoveryClient_LOGGER-SERVER/Ryan:logger-server:8767: registering service...
2019-12-31 11:52:34.437  INFO 17588 --- [DiscoveryClient-InstanceInfoReplicator-0] com.netflix.discovery.DiscoveryClient    : DiscoveryClient_LOGGER-SERVER/Ryan:logger-server:8767 - registration status: 204
2019-12-31 11:52:34.443  INFO 17588 --- [main] o.s.c.support.DefaultLifecycleProcessor  : Starting beans in phase 2147483647
2019-12-31 11:52:34.449  INFO 17588 --- [container-1] o.s.a.r.c.CachingConnectionFactory       : Attempting to connect to: [localhost:5672]
2019-12-31 11:52:34.480  INFO 17588 --- [container-1] o.s.a.r.c.CachingConnectionFactory       : Created new connection: rabbitConnectionFactory#5a32b164:0/SimpleConnection@1e19351e [delegate=amqp://guest@127.0.0.1:5672/, localPort= 35469]
2019-12-31 11:52:34.485  INFO 17588 --- [container-1] o.s.amqp.rabbit.core.RabbitAdmin         : Auto-declaring a non-durable, auto-delete, or exclusive Queue (spring-boot) durable:false, auto-delete:false, exclusive:false. It will be redeclared if the broker stops and is restarted while the connection factory is alive, but all messages will be lost.
2019-12-31 11:52:34.574  INFO 17588 --- [main] s.b.c.e.t.TomcatEmbeddedServletContainer : Tomcat started on port(s): 8767 (http)
2019-12-31 11:52:34.575  INFO 17588 --- [main] .s.c.n.e.s.EurekaAutoServiceRegistration : Updating port to 8767
2019-12-31 11:52:34.579  INFO 17588 --- [main] c.r.l.LoggerServerApplication            : Started LoggerServerApplication in 8.49 seconds (JVM running for 9.439)
2019-12-31 11:52:34.920  INFO 17588 --- [RMI TCP Connection(2)-127.0.0.1] com.alibaba.druid.pool.DruidDataSource   : {dataSource-1} inited
2019-12-31 11:52:35.108  INFO 17588 --- [RMI TCP Connection(2)-127.0.0.1] c.c.c.ConfigServicePropertySourceLocator : Fetching config from server at: http://localhost:8762
2019-12-31 11:52:35.563  INFO 17588 --- [RMI TCP Connection(2)-127.0.0.1] c.c.c.ConfigServicePropertySourceLocator : Located environment: name=logger-server, profiles=[pro], label=null, version=null, state=null
2019-12-31 11:53:58.137  INFO 17588 --- [http-nio-8767-exec-2] o.a.c.c.C.[Tomcat].[localhost].[/]       : Initializing Spring FrameworkServlet 'dispatcherServlet'
2019-12-31 11:53:58.137  INFO 17588 --- [http-nio-8767-exec-2] o.s.web.servlet.DispatcherServlet        : FrameworkServlet 'dispatcherServlet': initialization started
2019-12-31 11:53:58.169  INFO 17588 --- [http-nio-8767-exec-2] o.s.web.servlet.DispatcherServlet        : FrameworkServlet 'dispatcherServlet': initialization completed in 31 ms
2019-12-31 11:55:20.121  INFO 17588 --- [container-1] com.rjmgr.loggerserver.rabbit.Receiver   : LOGGER-SERVER:  Received <{"createDate":1577764520096,"ip":"0:0:0:0:0:0:0:1","method":"com.rjmgr.demo1service.web.TestControl.hi()","operation":"demo1@hi","username":"用户名"}>
2019-12-31 11:57:34.291  INFO 17588 --- [AsyncResolver-bootstrap-executor-0] c.n.d.s.r.aws.ConfigClusterResolver      : Resolving eureka endpoints via configuration
2019-12-31 11:57:47.827  INFO 17588 --- [http-nio-8767-exec-5] c.c.c.ConfigServicePropertySourceLocator : Fetching config from server at: http://localhost:8762
2019-12-31 11:57:48.326  INFO 17588 --- [http-nio-8767-exec-5] c.c.c.ConfigServicePropertySourceLocator : Located environment: name=logger-server, profiles=[pro], label=null, version=null, state=null
2019-12-31 12:02:34.300  INFO 17588 --- [AsyncResolver-bootstrap-executor-0] c.n.d.s.r.aws.ConfigClusterResolver      : Resolving eureka endpoints via configuration
2019-12-31 12:02:47.834  INFO 17588 --- [http-nio-8767-exec-9] c.c.c.ConfigServicePropertySourceLocator : Fetching config from server at: http://localhost:8762
2019-12-31 12:02:48.340  INFO 17588 --- [http-nio-8767-exec-9] c.c.c.ConfigServicePropertySourceLocator : Located environment: name=logger-server, profiles=[pro], label=null, version=null, state=null
2019-12-31 12:07:34.308  INFO 17588 --- [AsyncResolver-bootstrap-executor-0] c.n.d.s.r.aws.ConfigClusterResolver      : Resolving eureka endpoints via configuration
2019-12-31 12:07:47.839  INFO 17588 --- [http-nio-8767-exec-5] c.c.c.ConfigServicePropertySourceLocator : Fetching config from server at: http://localhost:8762
2019-12-31 12:07:48.333  INFO 17588 --- [http-nio-8767-exec-5] c.c.c.ConfigServicePropertySourceLocator : Located environment: name=logger-server, profiles=[pro], label=null, version=null, state=null
2019-12-31 12:12:34.317  INFO 17588 --- [AsyncResolver-bootstrap-executor-0] c.n.d.s.r.aws.ConfigClusterResolver      : Resolving eureka endpoints via configuration
2019-12-31 12:12:47.845  INFO 17588 --- [http-nio-8767-exec-9] c.c.c.ConfigServicePropertySourceLocator : Fetching config from server at: http://localhost:8762
2019-12-31 12:12:48.319  INFO 17588 --- [http-nio-8767-exec-9] c.c.c.ConfigServicePropertySourceLocator : Located environment: name=logger-server, profiles=[pro], label=null, version=null, state=null
2019-12-31 12:17:34.325  INFO 17588 --- [AsyncResolver-bootstrap-executor-0] c.n.d.s.r.aws.ConfigClusterResolver      : Resolving eureka endpoints via configuration
2019-12-31 12:17:47.852  INFO 17588 --- [http-nio-8767-exec-5] c.c.c.ConfigServicePropertySourceLocator : Fetching config from server at: http://localhost:8762
2019-12-31 12:17:48.324  INFO 17588 --- [http-nio-8767-exec-5] c.c.c.ConfigServicePropertySourceLocator : Located environment: name=logger-server, profiles=[pro], label=null, version=null, state=null
2019-12-31 12:22:34.333  INFO 17588 --- [AsyncResolver-bootstrap-executor-0] c.n.d.s.r.aws.ConfigClusterResolver      : Resolving eureka endpoints via configuration
2019-12-31 12:22:47.862  INFO 17588 --- [http-nio-8767-exec-9] c.c.c.ConfigServicePropertySourceLocator : Fetching config from server at: http://localhost:8762
2019-12-31 12:22:48.331  INFO 17588 --- [http-nio-8767-exec-9] c.c.c.ConfigServicePropertySourceLocator : Located environment: name=logger-server, profiles=[pro], label=null, version=null, state=null
2019-12-31 12:27:34.341  INFO 17588 --- [AsyncResolver-bootstrap-executor-0] c.n.d.s.r.aws.ConfigClusterResolver      : Resolving eureka endpoints via configuration
2019-12-31 12:27:47.867  INFO 17588 --- [http-nio-8767-exec-5] c.c.c.ConfigServicePropertySourceLocator : Fetching config from server at: http://localhost:8762
2019-12-31 12:27:48.341  INFO 17588 --- [http-nio-8767-exec-5] c.c.c.ConfigServicePropertySourceLocator : Located environment: name=logger-server, profiles=[pro], label=null, version=null, state=null
2019-12-31 12:32:34.349  INFO 17588 --- [AsyncResolver-bootstrap-executor-0] c.n.d.s.r.aws.ConfigClusterResolver      : Resolving eureka endpoints via configuration
2019-12-31 12:32:47.875  INFO 17588 --- [http-nio-8767-exec-9] c.c.c.ConfigServicePropertySourceLocator : Fetching config from server at: http://localhost:8762
2019-12-31 12:32:48.348  INFO 17588 --- [http-nio-8767-exec-9] c.c.c.ConfigServicePropertySourceLocator : Located environment: name=logger-server, profiles=[pro], label=null, version=null, state=null
2019-12-31 12:37:34.357  INFO 17588 --- [AsyncResolver-bootstrap-executor-0] c.n.d.s.r.aws.ConfigClusterResolver      : Resolving eureka endpoints via configuration
2019-12-31 12:37:47.879  INFO 17588 --- [http-nio-8767-exec-5] c.c.c.ConfigServicePropertySourceLocator : Fetching config from server at: http://localhost:8762
2019-12-31 12:37:48.352  INFO 17588 --- [http-nio-8767-exec-5] c.c.c.ConfigServicePropertySourceLocator : Located environment: name=logger-server, profiles=[pro], label=null, version=null, state=null
2019-12-31 12:42:34.366  INFO 17588 --- [AsyncResolver-bootstrap-executor-0] c.n.d.s.r.aws.ConfigClusterResolver      : Resolving eureka endpoints via configuration
2019-12-31 12:42:47.889  INFO 17588 --- [http-nio-8767-exec-9] c.c.c.ConfigServicePropertySourceLocator : Fetching config from server at: http://localhost:8762
2019-12-31 12:42:48.363  INFO 17588 --- [http-nio-8767-exec-9] c.c.c.ConfigServicePropertySourceLocator : Located environment: name=logger-server, profiles=[pro], label=null, version=null, state=null
2019-12-31 12:47:34.374  INFO 17588 --- [AsyncResolver-bootstrap-executor-0] c.n.d.s.r.aws.ConfigClusterResolver      : Resolving eureka endpoints via configuration
2019-12-31 12:47:47.897  INFO 17588 --- [http-nio-8767-exec-5] c.c.c.ConfigServicePropertySourceLocator : Fetching config from server at: http://localhost:8762
2019-12-31 12:47:48.369  INFO 17588 --- [http-nio-8767-exec-5] c.c.c.ConfigServicePropertySourceLocator : Located environment: name=logger-server, profiles=[pro], label=null, version=null, state=null
2019-12-31 12:52:34.382  INFO 17588 --- [AsyncResolver-bootstrap-executor-0] c.n.d.s.r.aws.ConfigClusterResolver      : Resolving eureka endpoints via configuration
2019-12-31 12:52:47.903  INFO 17588 --- [http-nio-8767-exec-9] c.c.c.ConfigServicePropertySourceLocator : Fetching config from server at: http://localhost:8762
2019-12-31 12:52:48.372  INFO 17588 --- [http-nio-8767-exec-9] c.c.c.ConfigServicePropertySourceLocator : Located environment: name=logger-server, profiles=[pro], label=null, version=null, state=null
2019-12-31 12:57:34.390  INFO 17588 --- [AsyncResolver-bootstrap-executor-0] c.n.d.s.r.aws.ConfigClusterResolver      : Resolving eureka endpoints via configuration
2019-12-31 12:57:47.911  INFO 17588 --- [http-nio-8767-exec-5] c.c.c.ConfigServicePropertySourceLocator : Fetching config from server at: http://localhost:8762
2019-12-31 12:57:48.382  INFO 17588 --- [http-nio-8767-exec-5] c.c.c.ConfigServicePropertySourceLocator : Located environment: name=logger-server, profiles=[pro], label=null, version=null, state=null
2019-12-31 13:02:34.398  INFO 17588 --- [AsyncResolver-bootstrap-executor-0] c.n.d.s.r.aws.ConfigClusterResolver      : Resolving eureka endpoints via configuration
2019-12-31 13:02:47.921  INFO 17588 --- [http-nio-8767-exec-9] c.c.c.ConfigServicePropertySourceLocator : Fetching config from server at: http://localhost:8762
2019-12-31 13:02:48.377  INFO 17588 --- [http-nio-8767-exec-9] c.c.c.ConfigServicePropertySourceLocator : Located environment: name=logger-server, profiles=[pro], label=null, version=null, state=null
2019-12-31 13:07:34.406  INFO 17588 --- [AsyncResolver-bootstrap-executor-0] c.n.d.s.r.aws.ConfigClusterResolver      : Resolving eureka endpoints via configuration
2019-12-31 13:07:47.925  INFO 17588 --- [http-nio-8767-exec-5] c.c.c.ConfigServicePropertySourceLocator : Fetching config from server at: http://localhost:8762
2019-12-31 13:07:48.377  INFO 17588 --- [http-nio-8767-exec-5] c.c.c.ConfigServicePropertySourceLocator : Located environment: name=logger-server, profiles=[pro], label=null, version=null, state=null
2019-12-31 13:12:34.415  INFO 17588 --- [AsyncResolver-bootstrap-executor-0] c.n.d.s.r.aws.ConfigClusterResolver      : Resolving eureka endpoints via configuration
2019-12-31 13:12:47.933  INFO 17588 --- [http-nio-8767-exec-9] c.c.c.ConfigServicePropertySourceLocator : Fetching config from server at: http://localhost:8762
2019-12-31 13:12:48.385  INFO 17588 --- [http-nio-8767-exec-9] c.c.c.ConfigServicePropertySourceLocator : Located environment: name=logger-server, profiles=[pro], label=null, version=null, state=null
2019-12-31 13:17:34.424  INFO 17588 --- [AsyncResolver-bootstrap-executor-0] c.n.d.s.r.aws.ConfigClusterResolver      : Resolving eureka endpoints via configuration
2019-12-31 13:17:47.941  INFO 17588 --- [http-nio-8767-exec-5] c.c.c.ConfigServicePropertySourceLocator : Fetching config from server at: http://localhost:8762
2019-12-31 13:17:48.391  INFO 17588 --- [http-nio-8767-exec-5] c.c.c.ConfigServicePropertySourceLocator : Located environment: name=logger-server, profiles=[pro], label=null, version=null, state=null
2019-12-31 13:22:34.432  INFO 17588 --- [AsyncResolver-bootstrap-executor-0] c.n.d.s.r.aws.ConfigClusterResolver      : Resolving eureka endpoints via configuration
2019-12-31 13:22:47.949  INFO 17588 --- [http-nio-8767-exec-9] c.c.c.ConfigServicePropertySourceLocator : Fetching config from server at: http://localhost:8762
2019-12-31 13:22:48.401  INFO 17588 --- [http-nio-8767-exec-9] c.c.c.ConfigServicePropertySourceLocator : Located environment: name=logger-server, profiles=[pro], label=null, version=null, state=null
2019-12-31 13:27:34.440  INFO 17588 --- [AsyncResolver-bootstrap-executor-0] c.n.d.s.r.aws.ConfigClusterResolver      : Resolving eureka endpoints via configuration
2019-12-31 13:27:47.954  INFO 17588 --- [http-nio-8767-exec-5] c.c.c.ConfigServicePropertySourceLocator : Fetching config from server at: http://localhost:8762
2019-12-31 13:27:48.410  INFO 17588 --- [http-nio-8767-exec-5] c.c.c.ConfigServicePropertySourceLocator : Located environment: name=logger-server, profiles=[pro], label=null, version=null, state=null
2019-12-31 13:32:34.448  INFO 17588 --- [AsyncResolver-bootstrap-executor-0] c.n.d.s.r.aws.ConfigClusterResolver      : Resolving eureka endpoints via configuration
2019-12-31 13:32:47.963  INFO 17588 --- [http-nio-8767-exec-9] c.c.c.ConfigServicePropertySourceLocator : Fetching config from server at: http://localhost:8762
2019-12-31 13:32:48.425  INFO 17588 --- [http-nio-8767-exec-9] c.c.c.ConfigServicePropertySourceLocator : Located environment: name=logger-server, profiles=[pro], label=null, version=null, state=null
2019-12-31 13:37:34.456  INFO 17588 --- [AsyncResolver-bootstrap-executor-0] c.n.d.s.r.aws.ConfigClusterResolver      : Resolving eureka endpoints via configuration
2019-12-31 13:37:47.969  INFO 17588 --- [http-nio-8767-exec-5] c.c.c.ConfigServicePropertySourceLocator : Fetching config from server at: http://localhost:8762
2019-12-31 13:37:48.425  INFO 17588 --- [http-nio-8767-exec-5] c.c.c.ConfigServicePropertySourceLocator : Located environment: name=logger-server, profiles=[pro], label=null, version=null, state=null
2019-12-31 13:42:34.465  INFO 17588 --- [AsyncResolver-bootstrap-executor-0] c.n.d.s.r.aws.ConfigClusterResolver      : Resolving eureka endpoints via configuration
2019-12-31 13:42:47.977  INFO 17588 --- [http-nio-8767-exec-9] c.c.c.ConfigServicePropertySourceLocator : Fetching config from server at: http://localhost:8762
2019-12-31 13:42:48.426  INFO 17588 --- [http-nio-8767-exec-9] c.c.c.ConfigServicePropertySourceLocator : Located environment: name=logger-server, profiles=[pro], label=null, version=null, state=null
2019-12-31 13:47:34.473  INFO 17588 --- [AsyncResolver-bootstrap-executor-0] c.n.d.s.r.aws.ConfigClusterResolver      : Resolving eureka endpoints via configuration
2019-12-31 13:47:47.984  INFO 17588 --- [http-nio-8767-exec-5] c.c.c.ConfigServicePropertySourceLocator : Fetching config from server at: http://localhost:8762
2019-12-31 13:47:48.432  INFO 17588 --- [http-nio-8767-exec-5] c.c.c.ConfigServicePropertySourceLocator : Located environment: name=logger-server, profiles=[pro], label=null, version=null, state=null
2019-12-31 13:52:34.481  INFO 17588 --- [AsyncResolver-bootstrap-executor-0] c.n.d.s.r.aws.ConfigClusterResolver      : Resolving eureka endpoints via configuration
2019-12-31 13:52:47.992  INFO 17588 --- [http-nio-8767-exec-9] c.c.c.ConfigServicePropertySourceLocator : Fetching config from server at: http://localhost:8762
2019-12-31 13:52:48.446  INFO 17588 --- [http-nio-8767-exec-9] c.c.c.ConfigServicePropertySourceLocator : Located environment: name=logger-server, profiles=[pro], label=null, version=null, state=null
2019-12-31 13:57:34.489  INFO 17588 --- [AsyncResolver-bootstrap-executor-0] c.n.d.s.r.aws.ConfigClusterResolver      : Resolving eureka endpoints via configuration
2019-12-31 13:57:47.997  INFO 17588 --- [http-nio-8767-exec-5] c.c.c.ConfigServicePropertySourceLocator : Fetching config from server at: http://localhost:8762
2019-12-31 13:57:48.471  INFO 17588 --- [http-nio-8767-exec-5] c.c.c.ConfigServicePropertySourceLocator : Located environment: name=logger-server, profiles=[pro], label=null, version=null, state=null
2019-12-31 14:02:34.497  INFO 17588 --- [AsyncResolver-bootstrap-executor-0] c.n.d.s.r.aws.ConfigClusterResolver      : Resolving eureka endpoints via configuration
2019-12-31 14:02:48.009  INFO 17588 --- [http-nio-8767-exec-9] c.c.c.ConfigServicePropertySourceLocator : Fetching config from server at: http://localhost:8762
2019-12-31 14:02:48.586  INFO 17588 --- [http-nio-8767-exec-9] c.c.c.ConfigServicePropertySourceLocator : Located environment: name=logger-server, profiles=[pro], label=null, version=null, state=null
